<?xml version="1.0" encoding="UTF-8"?>
<testng-results skipped="0" failed="0" ignored="0" total="1" passed="1">
  <reporter-output>
  </reporter-output>
  <suite name="Surefire suite" duration-ms="2674" started-at="2023-02-25T15:17:08 CST" finished-at="2023-02-25T15:17:11 CST">
    <groups>
      <group name="cucumber">
        <method signature="AbstractTestNGCucumberTests.runScenario(io.cucumber.testng.PickleWrapper,io.cucumber.testng.FeatureWrapper)[pri:0, instance:runner.Runner@58a9760d]" name="runScenario" class="io.cucumber.testng.AbstractTestNGCucumberTests"/>
      </group> <!-- cucumber -->
    </groups>
    <test name="Surefire test" duration-ms="2674" started-at="2023-02-25T15:17:08 CST" finished-at="2023-02-25T15:17:11 CST">
      <class name="runner.Runner">
        <test-method status="PASS" signature="setupSuite()[pri:0, instance:runner.Runner@58a9760d]" name="setupSuite" is-config="true" duration-ms="6" started-at="2023-02-25T15:17:08 CST" finished-at="2023-02-25T15:17:08 CST">
          <reporter-output>
          </reporter-output>
        </test-method> <!-- setupSuite -->
        <test-method status="PASS" signature="setUpClass()[pri:0, instance:runner.Runner@58a9760d]" name="setUpClass" is-config="true" duration-ms="635" started-at="2023-02-25T15:17:08 CST" finished-at="2023-02-25T15:17:09 CST">
          <reporter-output>
          </reporter-output>
        </test-method> <!-- setUpClass -->
        <test-method status="PASS" signature="setupClass()[pri:0, instance:runner.Runner@58a9760d]" name="setupClass" is-config="true" duration-ms="16" started-at="2023-02-25T15:17:09 CST" finished-at="2023-02-25T15:17:09 CST">
          <reporter-output>
          </reporter-output>
        </test-method> <!-- setupClass -->
        <test-method status="PASS" signature="runScenario(io.cucumber.testng.PickleWrapper,io.cucumber.testng.FeatureWrapper)[pri:0, instance:runner.Runner@58a9760d]" name="runScenario" duration-ms="1720" started-at="2023-02-25T15:17:09 CST" description="Runs Cucumber Scenarios" data-provider="scenarios" finished-at="2023-02-25T15:17:10 CST">
          <params>
            <param index="0">
              <value>
                <![CDATA["Validate the minimum salary"]]>
              </value>
            </param>
            <param index="1">
              <value>
                <![CDATA["Optional[Validate database connection]"]]>
              </value>
            </param>
          </params>
          <reporter-output>
          </reporter-output>
        </test-method> <!-- runScenario -->
        <test-method status="PASS" signature="tearDown()[pri:0, instance:runner.Runner@58a9760d]" name="tearDown" is-config="true" duration-ms="67" started-at="2023-02-25T15:17:10 CST" finished-at="2023-02-25T15:17:10 CST">
          <reporter-output>
          </reporter-output>
        </test-method> <!-- tearDown -->
        <test-method status="PASS" signature="tearDownClass()[pri:0, instance:runner.Runner@58a9760d]" name="tearDownClass" is-config="true" duration-ms="208" started-at="2023-02-25T15:17:10 CST" finished-at="2023-02-25T15:17:11 CST">
          <reporter-output>
          </reporter-output>
        </test-method> <!-- tearDownClass -->
        <test-method status="PASS" signature="cleanUp()[pri:0, instance:runner.Runner@58a9760d]" name="cleanUp" is-config="true" duration-ms="1573" started-at="2023-02-25T15:17:11 CST" finished-at="2023-02-25T15:17:12 CST">
          <reporter-output>
          </reporter-output>
        </test-method> <!-- cleanUp -->
      </class> <!-- runner.Runner -->
    </test> <!-- Surefire test -->
  </suite> <!-- Surefire suite -->
</testng-results>
